Command line:
   ./ids_tb_isim_beh.exe
     -intstyle  ise
     -ipchost  localhost
     -ipcport  1036
WARNING:Simulator:16 - For instance UUT/module_regs/, width 48 of formal port
   software_regs is not equal to width 96 of actual.
WARNING:Simulator:679 -  For instance UUT/module_regs/, width 16 of formal port
   hardware_regs is not equal to width 32 of actual variable matches. 

Sat Jan 31 21:13:52 2026

Total Line Count : 2675

 Elaboration Time: 0.078125 sec

 Current Memory Usage: 150.114 Meg

 Total Signals          : 5355
 Total Nets             : 3691
 Total Signal Drivers   : 1546
 Total Blocks           : 1121
 Total Primitive Blocks : 976
 Total Processes        : 2233
 Total Traceable Variables  : 653
 Total Scalar Nets and Variables : 7561
ntrace select -o on -n /ids_tb/in_data 
ntrace select -o on -n /ids_tb/in_ctrl 
ntrace select -o on -n /ids_tb/in_wr 
ntrace select -o on -n /ids_tb/in_rdy 
ntrace select -o on -n /ids_tb/out_data 
ntrace select -o on -n /ids_tb/out_ctrl 
ntrace select -o on -n /ids_tb/out_wr 
ntrace select -o on -n /ids_tb/out_rdy 
ntrace select -o on -n /ids_tb/reg_req_in 
ntrace select -o on -n /ids_tb/reg_ack_in 
ntrace select -o on -n /ids_tb/reg_rd_wr_l_in 
ntrace select -o on -n /ids_tb/reg_addr_in 
ntrace select -o on -n /ids_tb/reg_data_in 
ntrace select -o on -n /ids_tb/reg_src_in 
ntrace select -o on -n /ids_tb/reg_req_out 
ntrace select -o on -n /ids_tb/reg_ack_out 
ntrace select -o on -n /ids_tb/reg_rd_wr_l_out 
ntrace select -o on -n /ids_tb/reg_addr_out 
ntrace select -o on -n /ids_tb/reg_data_out 
ntrace select -o on -n /ids_tb/reg_src_out 
ntrace select -o on -n /ids_tb/reset 
ntrace select -o on -n /ids_tb/clk 
ntrace select -o on -n /ids_tb/period 
ntrace select -o on -n /ids_tb/duty_cycle 
ntrace select -o on -n /ids_tb/offset 
ntrace start 
isimrun 1000 ns 
Simulator is doing circuit initialization process.
Finished circuit initialization process.
isimrun 100 us 
